<?xml version="1.0" encoding="UTF-8"?>
<testsuite xmlns:xsi="http://www.w3.org/2001/XMLSchema-instance" xsi:noNamespaceSchemaLocation="https://maven.apache.org/surefire/maven-surefire-plugin/xsd/surefire-test-report.xsd" name="TestSuite" time="389.939" tests="6" errors="0" skipped="0" failures="4">
  <properties>
    <property name="sun.desktop" value="windows"/>
    <property name="awt.toolkit" value="sun.awt.windows.WToolkit"/>
    <property name="file.encoding.pkg" value="sun.io"/>
    <property name="java.specification.version" value="1.8"/>
    <property name="sun.cpu.isalist" value="pentium_pro+mmx pentium_pro pentium+mmx pentium i486 i386 i86"/>
    <property name="sun.jnu.encoding" value="Cp1252"/>
    <property name="java.class.path" value="D:\Java_2019\FlipCart\target\test-classes;D:\Java_2019\FlipCart\target\classes;C:\Users\Narayan\.m2\repository\org\seleniumhq\selenium\selenium-java\3.14.0\selenium-java-3.14.0.jar;C:\Users\Narayan\.m2\repository\org\seleniumhq\selenium\selenium-api\3.14.0\selenium-api-3.14.0.jar;C:\Users\Narayan\.m2\repository\org\seleniumhq\selenium\selenium-chrome-driver\3.14.0\selenium-chrome-driver-3.14.0.jar;C:\Users\Narayan\.m2\repository\org\seleniumhq\selenium\selenium-edge-driver\3.14.0\selenium-edge-driver-3.14.0.jar;C:\Users\Narayan\.m2\repository\org\seleniumhq\selenium\selenium-firefox-driver\3.14.0\selenium-firefox-driver-3.14.0.jar;C:\Users\Narayan\.m2\repository\org\seleniumhq\selenium\selenium-ie-driver\3.14.0\selenium-ie-driver-3.14.0.jar;C:\Users\Narayan\.m2\repository\org\seleniumhq\selenium\selenium-opera-driver\3.14.0\selenium-opera-driver-3.14.0.jar;C:\Users\Narayan\.m2\repository\org\seleniumhq\selenium\selenium-remote-driver\3.14.0\selenium-remote-driver-3.14.0.jar;C:\Users\Narayan\.m2\repository\org\seleniumhq\selenium\selenium-safari-driver\3.14.0\selenium-safari-driver-3.14.0.jar;C:\Users\Narayan\.m2\repository\org\seleniumhq\selenium\selenium-support\3.14.0\selenium-support-3.14.0.jar;C:\Users\Narayan\.m2\repository\net\bytebuddy\byte-buddy\1.8.15\byte-buddy-1.8.15.jar;C:\Users\Narayan\.m2\repository\org\apache\commons\commons-exec\1.3\commons-exec-1.3.jar;C:\Users\Narayan\.m2\repository\commons-codec\commons-codec\1.10\commons-codec-1.10.jar;C:\Users\Narayan\.m2\repository\commons-logging\commons-logging\1.2\commons-logging-1.2.jar;C:\Users\Narayan\.m2\repository\com\google\guava\guava\25.0-jre\guava-25.0-jre.jar;C:\Users\Narayan\.m2\repository\com\google\code\findbugs\jsr305\1.3.9\jsr305-1.3.9.jar;C:\Users\Narayan\.m2\repository\org\checkerframework\checker-compat-qual\2.0.0\checker-compat-qual-2.0.0.jar;C:\Users\Narayan\.m2\repository\com\google\errorprone\error_prone_annotations\2.1.3\error_prone_annotations-2.1.3.jar;C:\Users\Narayan\.m2\repository\com\google\j2objc\j2objc-annotations\1.1\j2objc-annotations-1.1.jar;C:\Users\Narayan\.m2\repository\org\codehaus\mojo\animal-sniffer-annotations\1.14\animal-sniffer-annotations-1.14.jar;C:\Users\Narayan\.m2\repository\org\apache\httpcomponents\httpclient\4.5.5\httpclient-4.5.5.jar;C:\Users\Narayan\.m2\repository\org\apache\httpcomponents\httpcore\4.4.9\httpcore-4.4.9.jar;C:\Users\Narayan\.m2\repository\com\squareup\okhttp3\okhttp\3.10.0\okhttp-3.10.0.jar;C:\Users\Narayan\.m2\repository\com\squareup\okio\okio\1.14.1\okio-1.14.1.jar;C:\Users\Narayan\.m2\repository\org\apache\poi\poi\3.15\poi-3.15.jar;C:\Users\Narayan\.m2\repository\org\apache\commons\commons-collections4\4.1\commons-collections4-4.1.jar;C:\Users\Narayan\.m2\repository\org\apache\poi\poi-ooxml\3.15\poi-ooxml-3.15.jar;C:\Users\Narayan\.m2\repository\org\apache\poi\poi-ooxml-schemas\3.15\poi-ooxml-schemas-3.15.jar;C:\Users\Narayan\.m2\repository\org\apache\xmlbeans\xmlbeans\2.6.0\xmlbeans-2.6.0.jar;C:\Users\Narayan\.m2\repository\stax\stax-api\1.0.1\stax-api-1.0.1.jar;C:\Users\Narayan\.m2\repository\com\github\virtuald\curvesapi\1.04\curvesapi-1.04.jar;C:\Users\Narayan\.m2\repository\org\testng\testng\6.10\testng-6.10.jar;C:\Users\Narayan\.m2\repository\com\beust\jcommander\1.48\jcommander-1.48.jar;C:\Users\Narayan\.m2\repository\com\aventstack\extentreports\4.0.0\extentreports-4.0.0.jar;C:\Users\Narayan\.m2\repository\org\freemarker\freemarker\2.3.23\freemarker-2.3.23.jar;C:\Users\Narayan\.m2\repository\org\mongodb\mongodb-driver\3.3.0\mongodb-driver-3.3.0.jar;C:\Users\Narayan\.m2\repository\org\mongodb\mongodb-driver-core\3.3.0\mongodb-driver-core-3.3.0.jar;C:\Users\Narayan\.m2\repository\org\mongodb\bson\3.3.0\bson-3.3.0.jar;C:\Users\Narayan\.m2\repository\org\apache\httpcomponents\httpmime\4.5.2\httpmime-4.5.2.jar;C:\Users\Narayan\.m2\repository\com\google\code\gson\gson\2.8.5\gson-2.8.5.jar;C:\Users\Narayan\.m2\repository\org\apache\directory\studio\org.apache.commons.io\2.4\org.apache.commons.io-2.4.jar;C:\Users\Narayan\.m2\repository\commons-io\commons-io\2.4\commons-io-2.4.jar;C:\Users\Narayan\.m2\repository\log4j\log4j\1.2.17\log4j-1.2.17.jar;"/>
    <property name="java.vm.vendor" value="Oracle Corporation"/>
    <property name="sun.arch.data.model" value="32"/>
    <property name="user.variant" value=""/>
    <property name="java.vendor.url" value="http://java.oracle.com/"/>
    <property name="user.timezone" value="Asia/Calcutta"/>
    <property name="java.vm.specification.version" value="1.8"/>
    <property name="os.name" value="Windows 7"/>
    <property name="user.country" value="US"/>
    <property name="sun.java.launcher" value="SUN_STANDARD"/>
    <property name="sun.boot.library.path" value="C:\Program Files\Java\jdk1.8.0_20\jre\bin"/>
    <property name="sun.java.command" value="C:\Users\Narayan\AppData\Local\Temp\surefire6065459041214797917\surefirebooter8527925998224865431.jar C:\Users\Narayan\AppData\Local\Temp\surefire6065459041214797917 2020-04-25T07-31-39_563-jvmRun1 surefire8419294033582807267tmp surefire_07363738555498294351tmp"/>
    <property name="surefire.test.class.path" value="D:\Java_2019\FlipCart\target\test-classes;D:\Java_2019\FlipCart\target\classes;C:\Users\Narayan\.m2\repository\org\seleniumhq\selenium\selenium-java\3.14.0\selenium-java-3.14.0.jar;C:\Users\Narayan\.m2\repository\org\seleniumhq\selenium\selenium-api\3.14.0\selenium-api-3.14.0.jar;C:\Users\Narayan\.m2\repository\org\seleniumhq\selenium\selenium-chrome-driver\3.14.0\selenium-chrome-driver-3.14.0.jar;C:\Users\Narayan\.m2\repository\org\seleniumhq\selenium\selenium-edge-driver\3.14.0\selenium-edge-driver-3.14.0.jar;C:\Users\Narayan\.m2\repository\org\seleniumhq\selenium\selenium-firefox-driver\3.14.0\selenium-firefox-driver-3.14.0.jar;C:\Users\Narayan\.m2\repository\org\seleniumhq\selenium\selenium-ie-driver\3.14.0\selenium-ie-driver-3.14.0.jar;C:\Users\Narayan\.m2\repository\org\seleniumhq\selenium\selenium-opera-driver\3.14.0\selenium-opera-driver-3.14.0.jar;C:\Users\Narayan\.m2\repository\org\seleniumhq\selenium\selenium-remote-driver\3.14.0\selenium-remote-driver-3.14.0.jar;C:\Users\Narayan\.m2\repository\org\seleniumhq\selenium\selenium-safari-driver\3.14.0\selenium-safari-driver-3.14.0.jar;C:\Users\Narayan\.m2\repository\org\seleniumhq\selenium\selenium-support\3.14.0\selenium-support-3.14.0.jar;C:\Users\Narayan\.m2\repository\net\bytebuddy\byte-buddy\1.8.15\byte-buddy-1.8.15.jar;C:\Users\Narayan\.m2\repository\org\apache\commons\commons-exec\1.3\commons-exec-1.3.jar;C:\Users\Narayan\.m2\repository\commons-codec\commons-codec\1.10\commons-codec-1.10.jar;C:\Users\Narayan\.m2\repository\commons-logging\commons-logging\1.2\commons-logging-1.2.jar;C:\Users\Narayan\.m2\repository\com\google\guava\guava\25.0-jre\guava-25.0-jre.jar;C:\Users\Narayan\.m2\repository\com\google\code\findbugs\jsr305\1.3.9\jsr305-1.3.9.jar;C:\Users\Narayan\.m2\repository\org\checkerframework\checker-compat-qual\2.0.0\checker-compat-qual-2.0.0.jar;C:\Users\Narayan\.m2\repository\com\google\errorprone\error_prone_annotations\2.1.3\error_prone_annotations-2.1.3.jar;C:\Users\Narayan\.m2\repository\com\google\j2objc\j2objc-annotations\1.1\j2objc-annotations-1.1.jar;C:\Users\Narayan\.m2\repository\org\codehaus\mojo\animal-sniffer-annotations\1.14\animal-sniffer-annotations-1.14.jar;C:\Users\Narayan\.m2\repository\org\apache\httpcomponents\httpclient\4.5.5\httpclient-4.5.5.jar;C:\Users\Narayan\.m2\repository\org\apache\httpcomponents\httpcore\4.4.9\httpcore-4.4.9.jar;C:\Users\Narayan\.m2\repository\com\squareup\okhttp3\okhttp\3.10.0\okhttp-3.10.0.jar;C:\Users\Narayan\.m2\repository\com\squareup\okio\okio\1.14.1\okio-1.14.1.jar;C:\Users\Narayan\.m2\repository\org\apache\poi\poi\3.15\poi-3.15.jar;C:\Users\Narayan\.m2\repository\org\apache\commons\commons-collections4\4.1\commons-collections4-4.1.jar;C:\Users\Narayan\.m2\repository\org\apache\poi\poi-ooxml\3.15\poi-ooxml-3.15.jar;C:\Users\Narayan\.m2\repository\org\apache\poi\poi-ooxml-schemas\3.15\poi-ooxml-schemas-3.15.jar;C:\Users\Narayan\.m2\repository\org\apache\xmlbeans\xmlbeans\2.6.0\xmlbeans-2.6.0.jar;C:\Users\Narayan\.m2\repository\stax\stax-api\1.0.1\stax-api-1.0.1.jar;C:\Users\Narayan\.m2\repository\com\github\virtuald\curvesapi\1.04\curvesapi-1.04.jar;C:\Users\Narayan\.m2\repository\org\testng\testng\6.10\testng-6.10.jar;C:\Users\Narayan\.m2\repository\com\beust\jcommander\1.48\jcommander-1.48.jar;C:\Users\Narayan\.m2\repository\com\aventstack\extentreports\4.0.0\extentreports-4.0.0.jar;C:\Users\Narayan\.m2\repository\org\freemarker\freemarker\2.3.23\freemarker-2.3.23.jar;C:\Users\Narayan\.m2\repository\org\mongodb\mongodb-driver\3.3.0\mongodb-driver-3.3.0.jar;C:\Users\Narayan\.m2\repository\org\mongodb\mongodb-driver-core\3.3.0\mongodb-driver-core-3.3.0.jar;C:\Users\Narayan\.m2\repository\org\mongodb\bson\3.3.0\bson-3.3.0.jar;C:\Users\Narayan\.m2\repository\org\apache\httpcomponents\httpmime\4.5.2\httpmime-4.5.2.jar;C:\Users\Narayan\.m2\repository\com\google\code\gson\gson\2.8.5\gson-2.8.5.jar;C:\Users\Narayan\.m2\repository\org\apache\directory\studio\org.apache.commons.io\2.4\org.apache.commons.io-2.4.jar;C:\Users\Narayan\.m2\repository\commons-io\commons-io\2.4\commons-io-2.4.jar;C:\Users\Narayan\.m2\repository\log4j\log4j\1.2.17\log4j-1.2.17.jar;"/>
    <property name="sun.cpu.endian" value="little"/>
    <property name="user.home" value="C:\Users\Narayan"/>
    <property name="user.language" value="en"/>
    <property name="java.specification.vendor" value="Oracle Corporation"/>
    <property name="java.home" value="C:\Program Files\Java\jdk1.8.0_20\jre"/>
    <property name="basedir" value="D:\Java_2019\FlipCart"/>
    <property name="file.separator" value="\"/>
    <property name="line.separator" value="&#10;"/>
    <property name="java.vm.specification.vendor" value="Oracle Corporation"/>
    <property name="java.specification.name" value="Java Platform API Specification"/>
    <property name="java.awt.graphicsenv" value="sun.awt.Win32GraphicsEnvironment"/>
    <property name="surefire.real.class.path" value="C:\Users\Narayan\AppData\Local\Temp\surefire6065459041214797917\surefirebooter8527925998224865431.jar"/>
    <property name="sun.boot.class.path" value="C:\Program Files\Java\jdk1.8.0_20\jre\lib\resources.jar;C:\Program Files\Java\jdk1.8.0_20\jre\lib\rt.jar;C:\Program Files\Java\jdk1.8.0_20\jre\lib\sunrsasign.jar;C:\Program Files\Java\jdk1.8.0_20\jre\lib\jsse.jar;C:\Program Files\Java\jdk1.8.0_20\jre\lib\jce.jar;C:\Program Files\Java\jdk1.8.0_20\jre\lib\charsets.jar;C:\Program Files\Java\jdk1.8.0_20\jre\lib\jfr.jar;C:\Program Files\Java\jdk1.8.0_20\jre\classes"/>
    <property name="user.script" value=""/>
    <property name="sun.management.compiler" value="HotSpot Client Compiler"/>
    <property name="java.runtime.version" value="1.8.0_20-b26"/>
    <property name="user.name" value="Narayan"/>
    <property name="path.separator" value=";"/>
    <property name="os.version" value="6.1"/>
    <property name="java.endorsed.dirs" value="C:\Program Files\Java\jdk1.8.0_20\jre\lib\endorsed"/>
    <property name="java.runtime.name" value="Java(TM) SE Runtime Environment"/>
    <property name="file.encoding" value="Cp1252"/>
    <property name="java.vm.name" value="Java HotSpot(TM) Client VM"/>
    <property name="localRepository" value="C:\Users\Narayan\.m2\repository"/>
    <property name="java.vendor.url.bug" value="http://bugreport.sun.com/bugreport/"/>
    <property name="java.io.tmpdir" value="C:\Users\Narayan\AppData\Local\Temp\"/>
    <property name="java.version" value="1.8.0_20"/>
    <property name="user.dir" value="D:\Java_2019\FlipCart"/>
    <property name="os.arch" value="x86"/>
    <property name="java.vm.specification.name" value="Java Virtual Machine Specification"/>
    <property name="java.awt.printerjob" value="sun.awt.windows.WPrinterJob"/>
    <property name="sun.os.patch.level" value="Service Pack 1"/>
    <property name="java.library.path" value="C:\Program Files\Java\jdk1.8.0_20\jre\bin;C:\Windows\Sun\Java\bin;C:\Windows\system32;C:\Windows;D:\SeleniumStuff\apache-maven-3.5.3-bin\apache-maven-3.5.3/bin;C:\Program Files\Java\jdk1.8.0_20/bin;C:\Program Files\Java\jdk1.8.0_20/bin;C:\ProgramData\Oracle\Java\javapath;C:\Program Files\PC Connectivity Solution\;C:\Windows\system32;C:\Windows;C:\Windows\System32\Wbem;C:\Windows\System32\WindowsPowerShell\v1.0\;C:\Program Files\Microsoft SQL Server\90\Tools\binn\;C:\Users\Narayan\AppData\Local\Smartbar\Application\;%M2_HOME%\bin;C:\Program Files\Java\jdk1.8.0_20\bin;D:\SeleniumStuff\apache-ant-1.10.3-bin\apache-ant-1.10.3\bin;C:\Program Files\Git\cmd;C:\Program Files\nodejs\;C:\Program Files\CrSSL\bin;D:\SeleniumStuff\apache-maven-3.5.3-bin\apache-maven-3.5.3\bin;C:\Users\Narayan\AppData\Local\Programs\Microsoft VS Code\bin;C:\Users\Narayan\AppData\Roaming\npm;."/>
    <property name="java.vm.info" value="mixed mode, sharing"/>
    <property name="java.vendor" value="Oracle Corporation"/>
    <property name="java.vm.version" value="25.20-b23"/>
    <property name="java.ext.dirs" value="C:\Program Files\Java\jdk1.8.0_20\jre\lib\ext;C:\Windows\Sun\Java\lib\ext"/>
    <property name="sun.io.unicode.encoding" value="UnicodeLittle"/>
    <property name="java.class.version" value="52.0"/>
  </properties>
  <testcase name="loginFlipCart" classname="com.flipcart.testcases.loginFlipcartTestCase" time="1.844"/>
  <testcase name="test2" classname="com.flipcart.testcases.loginFlipcartTestCase" time="0"/>
  <testcase name="addToCart" classname="com.flipcart.testcases.SearchProductsTestCase" time="82.99">
    <failure message="no such element: Unable to locate element: {&quot;method&quot;:&quot;xpath&quot;,&quot;selector&quot;:&quot;//button[@class=&apos;_2AkmmA _2Npkh4 _2MWPVK&apos;]&quot;}&#10;  (Session info: chrome=81.0.4044.113)&#10;For documentation on this error, please visit: http://seleniumhq.org/exceptions/no_such_element.html&#10;Build info: version: &apos;3.14.0&apos;, revision: &apos;aacccce0&apos;, time: &apos;2018-08-02T20:19:58.91Z&apos;&#10;System info: host: &apos;NARAYAN-PC&apos;, ip: &apos;192.168.43.204&apos;, os.name: &apos;Windows 7&apos;, os.arch: &apos;x86&apos;, os.version: &apos;6.1&apos;, java.version: &apos;1.8.0_20&apos;&#10;Driver info: org.openqa.selenium.chrome.ChromeDriver&#10;Capabilities {acceptInsecureCerts: false, browserName: chrome, browserVersion: 81.0.4044.113, chrome: {chromedriverVersion: 80.0.3987.106 (f68069574609..., userDataDir: C:\Users\Narayan\AppData\Lo...}, goog:chromeOptions: {debuggerAddress: localhost:64641}, javascriptEnabled: true, networkConnectionEnabled: false, pageLoadStrategy: normal, platform: WINDOWS, platformName: WINDOWS, proxy: Proxy(), setWindowRect: true, strictFileInteractability: false, timeouts: {implicit: 0, pageLoad: 300000, script: 30000}, unhandledPromptBehavior: dismiss and notify}&#10;Session ID: 811d1c07cdada7935c7cace1c8137d50&#10;*** Element info: {Using=xpath, value=//button[@class=&apos;_2AkmmA _2Npkh4 _2MWPVK&apos;]}" type="org.openqa.selenium.NoSuchElementException">org.openqa.selenium.NoSuchElementException: 
no such element: Unable to locate element: {"method":"xpath","selector":"//button[@class='_2AkmmA _2Npkh4 _2MWPVK']"}
  (Session info: chrome=81.0.4044.113)
For documentation on this error, please visit: http://seleniumhq.org/exceptions/no_such_element.html
Build info: version: '3.14.0', revision: 'aacccce0', time: '2018-08-02T20:19:58.91Z'
System info: host: 'NARAYAN-PC', ip: '192.168.43.204', os.name: 'Windows 7', os.arch: 'x86', os.version: '6.1', java.version: '1.8.0_20'
Driver info: org.openqa.selenium.chrome.ChromeDriver
Capabilities {acceptInsecureCerts: false, browserName: chrome, browserVersion: 81.0.4044.113, chrome: {chromedriverVersion: 80.0.3987.106 (f68069574609..., userDataDir: C:\Users\Narayan\AppData\Lo...}, goog:chromeOptions: {debuggerAddress: localhost:64641}, javascriptEnabled: true, networkConnectionEnabled: false, pageLoadStrategy: normal, platform: WINDOWS, platformName: WINDOWS, proxy: Proxy(), setWindowRect: true, strictFileInteractability: false, timeouts: {implicit: 0, pageLoad: 300000, script: 30000}, unhandledPromptBehavior: dismiss and notify}
Session ID: 811d1c07cdada7935c7cace1c8137d50
*** Element info: {Using=xpath, value=//button[@class='_2AkmmA _2Npkh4 _2MWPVK']}
	at com.flipcart.testcases.SearchProductsTestCase.addToCart(SearchProductsTestCase.java:19)
</failure>
    <system-out><![CDATA[total products added is 3
Mi 10000 mAh Power Bank (PB10IZM, 18W Fast Charging)  (Black, Lithium Polymer)
Accessorize MN-58985197001 Backpack  (Multicolor, 12 inch)
Mi LED Smart TV 4A PRO 80 cm (32) with Android#JustHere
Vivo Z1Pro (Sonic Black, 64 GB)  (4 GB RAM)#JustHere
]]></system-out>
    <system-err><![CDATA[[1587780159.646][SEVERE]: Timed out receiving message from renderer: 0.100
[1587780159.761][SEVERE]: Timed out receiving message from renderer: 0.100
[1587780160.906][SEVERE]: Timed out receiving message from renderer: 0.100
[1587780161.413][SEVERE]: Timed out receiving message from renderer: 0.100
[1587780174.137][SEVERE]: Timed out receiving message from renderer: 0.100
[1587780174.480][SEVERE]: Timed out receiving message from renderer: 0.100
[1587780174.622][SEVERE]: Timed out receiving message from renderer: 0.100
[1587780174.793][SEVERE]: Timed out receiving message from renderer: 0.100
[1587780175.069][SEVERE]: Timed out receiving message from renderer: 0.100
[1587780175.722][SEVERE]: Timed out receiving message from renderer: 0.100
[1587780176.185][SEVERE]: Timed out receiving message from renderer: 0.100
[1587780176.304][SEVERE]: Timed out receiving message from renderer: 0.100
[1587780176.509][SEVERE]: Timed out receiving message from renderer: 0.100
[1587780177.068][SEVERE]: Timed out receiving message from renderer: 0.100
[1587780177.839][SEVERE]: Timed out receiving message from renderer: 0.100
[1587780177.977][SEVERE]: Timed out receiving message from renderer: 0.100
[1587780178.079][SEVERE]: Timed out receiving message from renderer: 0.100
[1587780178.183][SEVERE]: Timed out receiving message from renderer: 0.100
[1587780178.310][SEVERE]: Timed out receiving message from renderer: 0.100
[1587780178.423][SEVERE]: Timed out receiving message from renderer: 0.100
[1587780178.530][SEVERE]: Timed out receiving message from renderer: 0.100
[1587780178.639][SEVERE]: Timed out receiving message from renderer: 0.100
[1587780178.744][SEVERE]: Timed out receiving message from renderer: 0.100
[1587780178.857][SEVERE]: Timed out receiving message from renderer: 0.100
[1587780178.961][SEVERE]: Timed out receiving message from renderer: 0.100
[1587780179.086][SEVERE]: Timed out receiving message from renderer: 0.100
[1587780179.255][SEVERE]: Timed out receiving message from renderer: 0.100
[1587780179.358][SEVERE]: Timed out receiving message from renderer: 0.100
[1587780179.462][SEVERE]: Timed out receiving message from renderer: 0.100
[1587780180.136][SEVERE]: Timed out receiving message from renderer: 0.100
[1587780180.250][SEVERE]: Timed out receiving message from renderer: 0.100
[1587780180.354][SEVERE]: Timed out receiving message from renderer: 0.100
[1587780180.459][SEVERE]: Timed out receiving message from renderer: 0.100
[1587780180.565][SEVERE]: Timed out receiving message from renderer: 0.100
[1587780180.672][SEVERE]: Timed out receiving message from renderer: 0.100
[1587780180.817][SEVERE]: Timed out receiving message from renderer: 0.100
[1587780180.921][SEVERE]: Timed out receiving message from renderer: 0.100
[1587780181.043][SEVERE]: Timed out receiving message from renderer: 0.100
[1587780181.154][SEVERE]: Timed out receiving message from renderer: 0.100
[1587780181.259][SEVERE]: Timed out receiving message from renderer: 0.100
[1587780181.369][SEVERE]: Timed out receiving message from renderer: 0.100
[1587780181.487][SEVERE]: Timed out receiving message from renderer: 0.100
[1587780181.618][SEVERE]: Timed out receiving message from renderer: 0.100
[1587780181.731][SEVERE]: Timed out receiving message from renderer: 0.100
[1587780181.839][SEVERE]: Timed out receiving message from renderer: 0.100
[1587780181.978][SEVERE]: Timed out receiving message from renderer: 0.100
]]></system-err>
  </testcase>
  <testcase name="addToCart" classname="com.flipcart.testcases.SearchProductsTestCase" time="78.036">
    <failure message="no such element: Unable to locate element: {&quot;method&quot;:&quot;xpath&quot;,&quot;selector&quot;:&quot;//button[@class=&apos;_2AkmmA _2Npkh4 _2MWPVK&apos;]&quot;}&#10;  (Session info: chrome=81.0.4044.113)&#10;For documentation on this error, please visit: http://seleniumhq.org/exceptions/no_such_element.html&#10;Build info: version: &apos;3.14.0&apos;, revision: &apos;aacccce0&apos;, time: &apos;2018-08-02T20:19:58.91Z&apos;&#10;System info: host: &apos;NARAYAN-PC&apos;, ip: &apos;192.168.43.204&apos;, os.name: &apos;Windows 7&apos;, os.arch: &apos;x86&apos;, os.version: &apos;6.1&apos;, java.version: &apos;1.8.0_20&apos;&#10;Driver info: org.openqa.selenium.chrome.ChromeDriver&#10;Capabilities {acceptInsecureCerts: false, browserName: chrome, browserVersion: 81.0.4044.113, chrome: {chromedriverVersion: 80.0.3987.106 (f68069574609..., userDataDir: C:\Users\Narayan\AppData\Lo...}, goog:chromeOptions: {debuggerAddress: localhost:64641}, javascriptEnabled: true, networkConnectionEnabled: false, pageLoadStrategy: normal, platform: WINDOWS, platformName: WINDOWS, proxy: Proxy(), setWindowRect: true, strictFileInteractability: false, timeouts: {implicit: 0, pageLoad: 300000, script: 30000}, unhandledPromptBehavior: dismiss and notify}&#10;Session ID: 811d1c07cdada7935c7cace1c8137d50&#10;*** Element info: {Using=xpath, value=//button[@class=&apos;_2AkmmA _2Npkh4 _2MWPVK&apos;]}" type="org.openqa.selenium.NoSuchElementException">org.openqa.selenium.NoSuchElementException: 
no such element: Unable to locate element: {"method":"xpath","selector":"//button[@class='_2AkmmA _2Npkh4 _2MWPVK']"}
  (Session info: chrome=81.0.4044.113)
For documentation on this error, please visit: http://seleniumhq.org/exceptions/no_such_element.html
Build info: version: '3.14.0', revision: 'aacccce0', time: '2018-08-02T20:19:58.91Z'
System info: host: 'NARAYAN-PC', ip: '192.168.43.204', os.name: 'Windows 7', os.arch: 'x86', os.version: '6.1', java.version: '1.8.0_20'
Driver info: org.openqa.selenium.chrome.ChromeDriver
Capabilities {acceptInsecureCerts: false, browserName: chrome, browserVersion: 81.0.4044.113, chrome: {chromedriverVersion: 80.0.3987.106 (f68069574609..., userDataDir: C:\Users\Narayan\AppData\Lo...}, goog:chromeOptions: {debuggerAddress: localhost:64641}, javascriptEnabled: true, networkConnectionEnabled: false, pageLoadStrategy: normal, platform: WINDOWS, platformName: WINDOWS, proxy: Proxy(), setWindowRect: true, strictFileInteractability: false, timeouts: {implicit: 0, pageLoad: 300000, script: 30000}, unhandledPromptBehavior: dismiss and notify}
Session ID: 811d1c07cdada7935c7cace1c8137d50
*** Element info: {Using=xpath, value=//button[@class='_2AkmmA _2Npkh4 _2MWPVK']}
	at com.flipcart.testcases.SearchProductsTestCase.addToCart(SearchProductsTestCase.java:19)
</failure>
    <system-err><![CDATA[[1587780246.984][SEVERE]: Timed out receiving message from renderer: 0.100
[1587780247.785][SEVERE]: Timed out receiving message from renderer: 0.100
[1587780248.262][SEVERE]: Timed out receiving message from renderer: 0.100
[1587780248.377][SEVERE]: Timed out receiving message from renderer: 0.100
[1587780248.484][SEVERE]: Timed out receiving message from renderer: 0.100
[1587780248.587][SEVERE]: Timed out receiving message from renderer: 0.100
[1587780248.702][SEVERE]: Timed out receiving message from renderer: 0.100
[1587780248.806][SEVERE]: Timed out receiving message from renderer: 0.100
[1587780248.914][SEVERE]: Timed out receiving message from renderer: 0.100
[1587780249.017][SEVERE]: Timed out receiving message from renderer: 0.100
[1587780249.123][SEVERE]: Timed out receiving message from renderer: 0.100
[1587780249.229][SEVERE]: Timed out receiving message from renderer: 0.100
[1587780249.383][SEVERE]: Timed out receiving message from renderer: 0.100
[1587780249.935][SEVERE]: Timed out receiving message from renderer: 0.100
[1587780256.577][SEVERE]: Timed out receiving message from renderer: 0.100
[1587780257.881][SEVERE]: Timed out receiving message from renderer: 0.100
[1587780257.987][SEVERE]: Timed out receiving message from renderer: 0.100
[1587780258.105][SEVERE]: Timed out receiving message from renderer: 0.100
[1587780258.214][SEVERE]: Timed out receiving message from renderer: 0.100
[1587780258.326][SEVERE]: Timed out receiving message from renderer: 0.100
[1587780258.444][SEVERE]: Timed out receiving message from renderer: 0.100
[1587780258.643][SEVERE]: Timed out receiving message from renderer: 0.100
[1587780258.877][SEVERE]: Timed out receiving message from renderer: 0.100
[1587780259.290][SEVERE]: Timed out receiving message from renderer: 0.100
[1587780259.739][SEVERE]: Timed out receiving message from renderer: 0.100
[1587780259.844][SEVERE]: Timed out receiving message from renderer: 0.100
[1587780259.955][SEVERE]: Timed out receiving message from renderer: 0.100
[1587780260.090][SEVERE]: Timed out receiving message from renderer: 0.100
[1587780260.204][SEVERE]: Timed out receiving message from renderer: 0.100
[1587780260.310][SEVERE]: Timed out receiving message from renderer: 0.100
[1587780260.420][SEVERE]: Timed out receiving message from renderer: 0.100
[1587780260.526][SEVERE]: Timed out receiving message from renderer: 0.100
[1587780260.629][SEVERE]: Timed out receiving message from renderer: 0.100
[1587780260.733][SEVERE]: Timed out receiving message from renderer: 0.100
[1587780260.836][SEVERE]: Timed out receiving message from renderer: 0.100
[1587780260.941][SEVERE]: Timed out receiving message from renderer: 0.100
[1587780261.053][SEVERE]: Timed out receiving message from renderer: 0.100
[1587780261.189][SEVERE]: Timed out receiving message from renderer: 0.100
[1587780261.293][SEVERE]: Timed out receiving message from renderer: 0.100
[1587780261.396][SEVERE]: Timed out receiving message from renderer: 0.100
[1587780261.508][SEVERE]: Timed out receiving message from renderer: 0.100
[1587780261.667][SEVERE]: Timed out receiving message from renderer: 0.100
[1587780261.782][SEVERE]: Timed out receiving message from renderer: 0.100
[1587780261.909][SEVERE]: Timed out receiving message from renderer: 0.100
[1587780262.016][SEVERE]: Timed out receiving message from renderer: 0.100
[1587780262.120][SEVERE]: Timed out receiving message from renderer: 0.100
[1587780262.223][SEVERE]: Timed out receiving message from renderer: 0.100
[1587780262.326][SEVERE]: Timed out receiving message from renderer: 0.100
[1587780262.429][SEVERE]: Timed out receiving message from renderer: 0.100
[1587780262.533][SEVERE]: Timed out receiving message from renderer: 0.100
[1587780262.637][SEVERE]: Timed out receiving message from renderer: 0.100
]]></system-err>
  </testcase>
  <testcase name="addToCart" classname="com.flipcart.testcases.SearchProductsTestCase" time="82.961">
    <failure message="no such element: Unable to locate element: {&quot;method&quot;:&quot;xpath&quot;,&quot;selector&quot;:&quot;//button[@class=&apos;_2AkmmA _2Npkh4 _2MWPVK&apos;]&quot;}&#10;  (Session info: chrome=81.0.4044.113)&#10;For documentation on this error, please visit: http://seleniumhq.org/exceptions/no_such_element.html&#10;Build info: version: &apos;3.14.0&apos;, revision: &apos;aacccce0&apos;, time: &apos;2018-08-02T20:19:58.91Z&apos;&#10;System info: host: &apos;NARAYAN-PC&apos;, ip: &apos;192.168.43.204&apos;, os.name: &apos;Windows 7&apos;, os.arch: &apos;x86&apos;, os.version: &apos;6.1&apos;, java.version: &apos;1.8.0_20&apos;&#10;Driver info: org.openqa.selenium.chrome.ChromeDriver&#10;Capabilities {acceptInsecureCerts: false, browserName: chrome, browserVersion: 81.0.4044.113, chrome: {chromedriverVersion: 80.0.3987.106 (f68069574609..., userDataDir: C:\Users\Narayan\AppData\Lo...}, goog:chromeOptions: {debuggerAddress: localhost:64641}, javascriptEnabled: true, networkConnectionEnabled: false, pageLoadStrategy: normal, platform: WINDOWS, platformName: WINDOWS, proxy: Proxy(), setWindowRect: true, strictFileInteractability: false, timeouts: {implicit: 0, pageLoad: 300000, script: 30000}, unhandledPromptBehavior: dismiss and notify}&#10;Session ID: 811d1c07cdada7935c7cace1c8137d50&#10;*** Element info: {Using=xpath, value=//button[@class=&apos;_2AkmmA _2Npkh4 _2MWPVK&apos;]}" type="org.openqa.selenium.NoSuchElementException">org.openqa.selenium.NoSuchElementException: 
no such element: Unable to locate element: {"method":"xpath","selector":"//button[@class='_2AkmmA _2Npkh4 _2MWPVK']"}
  (Session info: chrome=81.0.4044.113)
For documentation on this error, please visit: http://seleniumhq.org/exceptions/no_such_element.html
Build info: version: '3.14.0', revision: 'aacccce0', time: '2018-08-02T20:19:58.91Z'
System info: host: 'NARAYAN-PC', ip: '192.168.43.204', os.name: 'Windows 7', os.arch: 'x86', os.version: '6.1', java.version: '1.8.0_20'
Driver info: org.openqa.selenium.chrome.ChromeDriver
Capabilities {acceptInsecureCerts: false, browserName: chrome, browserVersion: 81.0.4044.113, chrome: {chromedriverVersion: 80.0.3987.106 (f68069574609..., userDataDir: C:\Users\Narayan\AppData\Lo...}, goog:chromeOptions: {debuggerAddress: localhost:64641}, javascriptEnabled: true, networkConnectionEnabled: false, pageLoadStrategy: normal, platform: WINDOWS, platformName: WINDOWS, proxy: Proxy(), setWindowRect: true, strictFileInteractability: false, timeouts: {implicit: 0, pageLoad: 300000, script: 30000}, unhandledPromptBehavior: dismiss and notify}
Session ID: 811d1c07cdada7935c7cace1c8137d50
*** Element info: {Using=xpath, value=//button[@class='_2AkmmA _2Npkh4 _2MWPVK']}
	at com.flipcart.testcases.SearchProductsTestCase.addToCart(SearchProductsTestCase.java:19)
</failure>
    <system-err><![CDATA[[1587780330.799][SEVERE]: Timed out receiving message from renderer: 0.100
[1587780331.376][SEVERE]: Timed out receiving message from renderer: 0.100
[1587780331.517][SEVERE]: Timed out receiving message from renderer: 0.100
[1587780332.041][SEVERE]: Timed out receiving message from renderer: 0.100
[1587780332.147][SEVERE]: Timed out receiving message from renderer: 0.100
[1587780332.254][SEVERE]: Timed out receiving message from renderer: 0.100
[1587780332.383][SEVERE]: Timed out receiving message from renderer: 0.100
[1587780332.486][SEVERE]: Timed out receiving message from renderer: 0.100
[1587780332.593][SEVERE]: Timed out receiving message from renderer: 0.100
[1587780332.696][SEVERE]: Timed out receiving message from renderer: 0.100
[1587780332.800][SEVERE]: Timed out receiving message from renderer: 0.100
[1587780332.907][SEVERE]: Timed out receiving message from renderer: 0.100
[1587780333.014][SEVERE]: Timed out receiving message from renderer: 0.100
[1587780333.117][SEVERE]: Timed out receiving message from renderer: 0.100
[1587780333.227][SEVERE]: Timed out receiving message from renderer: 0.100
[1587780333.339][SEVERE]: Timed out receiving message from renderer: 0.100
[1587780333.585][SEVERE]: Timed out receiving message from renderer: 0.100
[1587780333.696][SEVERE]: Timed out receiving message from renderer: 0.100
[1587780333.825][SEVERE]: Timed out receiving message from renderer: 0.100
[1587780333.933][SEVERE]: Timed out receiving message from renderer: 0.100
[1587780344.516][SEVERE]: Timed out receiving message from renderer: 0.100
[1587780344.621][SEVERE]: Timed out receiving message from renderer: 0.100
[1587780344.743][SEVERE]: Timed out receiving message from renderer: 0.100
[1587780345.125][SEVERE]: Timed out receiving message from renderer: 0.100
[1587780345.402][SEVERE]: Timed out receiving message from renderer: 0.100
[1587780346.204][SEVERE]: Timed out receiving message from renderer: 0.100
[1587780346.604][SEVERE]: Timed out receiving message from renderer: 0.100
[1587780346.723][SEVERE]: Timed out receiving message from renderer: 0.100
[1587780346.833][SEVERE]: Timed out receiving message from renderer: 0.100
[1587780346.939][SEVERE]: Timed out receiving message from renderer: 0.100
[1587780347.053][SEVERE]: Timed out receiving message from renderer: 0.100
[1587780347.157][SEVERE]: Timed out receiving message from renderer: 0.100
[1587780347.353][SEVERE]: Timed out receiving message from renderer: 0.100
[1587780347.458][SEVERE]: Timed out receiving message from renderer: 0.100
[1587780347.573][SEVERE]: Timed out receiving message from renderer: 0.100
[1587780347.718][SEVERE]: Timed out receiving message from renderer: 0.100
[1587780347.827][SEVERE]: Timed out receiving message from renderer: 0.100
[1587780347.937][SEVERE]: Timed out receiving message from renderer: 0.100
]]></system-err>
  </testcase>
  <testcase name="addToCart" classname="com.flipcart.testcases.SearchProductsTestCase" time="79.153">
    <failure message="no such element: Unable to locate element: {&quot;method&quot;:&quot;xpath&quot;,&quot;selector&quot;:&quot;//button[@class=&apos;_2AkmmA _2Npkh4 _2MWPVK&apos;]&quot;}&#10;  (Session info: chrome=81.0.4044.113)&#10;For documentation on this error, please visit: http://seleniumhq.org/exceptions/no_such_element.html&#10;Build info: version: &apos;3.14.0&apos;, revision: &apos;aacccce0&apos;, time: &apos;2018-08-02T20:19:58.91Z&apos;&#10;System info: host: &apos;NARAYAN-PC&apos;, ip: &apos;192.168.43.204&apos;, os.name: &apos;Windows 7&apos;, os.arch: &apos;x86&apos;, os.version: &apos;6.1&apos;, java.version: &apos;1.8.0_20&apos;&#10;Driver info: org.openqa.selenium.chrome.ChromeDriver&#10;Capabilities {acceptInsecureCerts: false, browserName: chrome, browserVersion: 81.0.4044.113, chrome: {chromedriverVersion: 80.0.3987.106 (f68069574609..., userDataDir: C:\Users\Narayan\AppData\Lo...}, goog:chromeOptions: {debuggerAddress: localhost:64641}, javascriptEnabled: true, networkConnectionEnabled: false, pageLoadStrategy: normal, platform: WINDOWS, platformName: WINDOWS, proxy: Proxy(), setWindowRect: true, strictFileInteractability: false, timeouts: {implicit: 0, pageLoad: 300000, script: 30000}, unhandledPromptBehavior: dismiss and notify}&#10;Session ID: 811d1c07cdada7935c7cace1c8137d50&#10;*** Element info: {Using=xpath, value=//button[@class=&apos;_2AkmmA _2Npkh4 _2MWPVK&apos;]}" type="org.openqa.selenium.NoSuchElementException">org.openqa.selenium.NoSuchElementException: 
no such element: Unable to locate element: {"method":"xpath","selector":"//button[@class='_2AkmmA _2Npkh4 _2MWPVK']"}
  (Session info: chrome=81.0.4044.113)
For documentation on this error, please visit: http://seleniumhq.org/exceptions/no_such_element.html
Build info: version: '3.14.0', revision: 'aacccce0', time: '2018-08-02T20:19:58.91Z'
System info: host: 'NARAYAN-PC', ip: '192.168.43.204', os.name: 'Windows 7', os.arch: 'x86', os.version: '6.1', java.version: '1.8.0_20'
Driver info: org.openqa.selenium.chrome.ChromeDriver
Capabilities {acceptInsecureCerts: false, browserName: chrome, browserVersion: 81.0.4044.113, chrome: {chromedriverVersion: 80.0.3987.106 (f68069574609..., userDataDir: C:\Users\Narayan\AppData\Lo...}, goog:chromeOptions: {debuggerAddress: localhost:64641}, javascriptEnabled: true, networkConnectionEnabled: false, pageLoadStrategy: normal, platform: WINDOWS, platformName: WINDOWS, proxy: Proxy(), setWindowRect: true, strictFileInteractability: false, timeouts: {implicit: 0, pageLoad: 300000, script: 30000}, unhandledPromptBehavior: dismiss and notify}
Session ID: 811d1c07cdada7935c7cace1c8137d50
*** Element info: {Using=xpath, value=//button[@class='_2AkmmA _2Npkh4 _2MWPVK']}
	at com.flipcart.testcases.SearchProductsTestCase.addToCart(SearchProductsTestCase.java:19)
</failure>
    <system-err><![CDATA[[1587780411.543][SEVERE]: Timed out receiving message from renderer: 0.100
[1587780412.081][SEVERE]: Timed out receiving message from renderer: 0.100
[1587780413.334][SEVERE]: Timed out receiving message from renderer: 0.100
[1587780413.438][SEVERE]: Timed out receiving message from renderer: 0.100
[1587780413.562][SEVERE]: Timed out receiving message from renderer: 0.100
[1587780414.082][SEVERE]: Timed out receiving message from renderer: 0.100
[1587780414.202][SEVERE]: Timed out receiving message from renderer: 0.100
[1587780414.305][SEVERE]: Timed out receiving message from renderer: 0.100
[1587780414.418][SEVERE]: Timed out receiving message from renderer: 0.100
[1587780414.536][SEVERE]: Timed out receiving message from renderer: 0.100
[1587780414.653][SEVERE]: Timed out receiving message from renderer: 0.100
[1587780414.846][SEVERE]: Timed out receiving message from renderer: 0.100
[1587780415.097][SEVERE]: Timed out receiving message from renderer: 0.100
[1587780415.215][SEVERE]: Timed out receiving message from renderer: 0.100
[1587780415.318][SEVERE]: Timed out receiving message from renderer: 0.100
[1587780415.434][SEVERE]: Timed out receiving message from renderer: 0.100
[1587780415.548][SEVERE]: Timed out receiving message from renderer: 0.100
[1587780415.651][SEVERE]: Timed out receiving message from renderer: 0.100
[1587780415.812][SEVERE]: Timed out receiving message from renderer: 0.100
[1587780415.924][SEVERE]: Timed out receiving message from renderer: 0.100
[1587780426.032][SEVERE]: Timed out receiving message from renderer: 0.100
[1587780426.392][SEVERE]: Timed out receiving message from renderer: 0.100
[1587780426.675][SEVERE]: Timed out receiving message from renderer: 0.100
[1587780427.104][SEVERE]: Timed out receiving message from renderer: 0.100
[1587780427.559][SEVERE]: Timed out receiving message from renderer: 0.100
[1587780427.864][SEVERE]: Timed out receiving message from renderer: 0.100
[1587780427.969][SEVERE]: Timed out receiving message from renderer: 0.100
[1587780428.080][SEVERE]: Timed out receiving message from renderer: 0.100
[1587780428.205][SEVERE]: Timed out receiving message from renderer: 0.100
[1587780428.321][SEVERE]: Timed out receiving message from renderer: 0.100
[1587780428.425][SEVERE]: Timed out receiving message from renderer: 0.100
[1587780428.529][SEVERE]: Timed out receiving message from renderer: 0.100
[1587780428.633][SEVERE]: Timed out receiving message from renderer: 0.100
[1587780428.739][SEVERE]: Timed out receiving message from renderer: 0.100
[1587780428.843][SEVERE]: Timed out receiving message from renderer: 0.100
[1587780428.947][SEVERE]: Timed out receiving message from renderer: 0.100
[1587780429.050][SEVERE]: Timed out receiving message from renderer: 0.100
]]></system-err>
  </testcase>
</testsuite>